Sat Nov  3 20:54:52 MDT 2012
deleting portage dist files...
removed '/usr/portage/distfiles/ImageMagick-6.7.8-7.tar.xz'
removed '/usr/portage/distfiles/SDL_net-1.2.8.tar.gz'
removed '/usr/portage/distfiles/adobe-flash-11.2.202.243.x86_64.tar.gz'
removed '/usr/portage/distfiles/asciidoc-8.6.5.tar.gz'
removed '/usr/portage/distfiles/awesome-3.4.11.tar.bz2'
removed '/usr/portage/distfiles/cmake-2.8.9.tar.gz'
removed '/usr/portage/distfiles/docbook-xml-4.2.zip'
removed '/usr/portage/distfiles/docbook-xml-4.5.zip'
removed '/usr/portage/distfiles/gxmessage-2.12.4.tar.gz'
removed '/usr/portage/distfiles/imlib2-1.4.5.tar.gz'
removed '/usr/portage/distfiles/lcms2-2.3.tar.gz'
removed '/usr/portage/distfiles/libarchive-3.0.3.tar.gz'
removed '/usr/portage/distfiles/liberation-fonts-ttf-2.00.0.tar.gz'
removed '/usr/portage/distfiles/libev-4.04.tar.gz'
removed '/usr/portage/distfiles/libid3tag-0.15.1b.tar.gz'
removed '/usr/portage/distfiles/libxdg-basedir-1.1.1.tar.gz'
removed '/usr/portage/distfiles/lua-5.1.4.tar.gz'
removed '/usr/portage/distfiles/rpm2targz-9.0.0.5g.tar.xz'
removed '/usr/portage/distfiles/urw-fonts-2.4-9.fc13.src.rpm'
removed '/usr/portage/distfiles/xmlto-0.0.24-mans.tar.bz2'
removed '/usr/portage/distfiles/xmlto-0.0.24.tar.bz2'
removed '/usr/portage/distfiles/xwininfo-1.1.2.tar.bz2'
